/*C1*/SET SCHEMA SYSTEM_LOBS
INSERT INTO BLOCKS VALUES(0,2147483647,0)
COMMIT
/*C2*/SET SCHEMA PUBLIC
drop table Adresse if exists
drop table Personne if exists
create table Personne (\u000a    id\u0009      integer generated by default as identity (start with 1, increment by 1) not null,\u000a    nom       varchar(30)      not null,\u000a    prenom    varchar(30)      not null,\u000a    primary key (id)\u000a  )
create table Adresse (\u000a    id\u0009      integer generated by default as identity (start with 1, increment by 1) not null,\u000a    rue           varchar(30)      not null,\u000a    ville         varchar(30)      not null,\u000a    personneid    integer foreign key references Personne(id),\u000a    primary key (id),\u000a  )
DISCONNECT
/*C3*/SET SCHEMA PUBLIC
INSERT INTO PERSONNE VALUES(1,'LeChauve','Pablus')
INSERT INTO PERSONNE VALUES(2,'LeSage','thomas')
COMMIT
DELETE FROM PERSONNE WHERE ID=1
DELETE FROM PERSONNE WHERE ID=2
COMMIT
INSERT INTO PERSONNE VALUES(3,'Lechauve','Pablus')
INSERT INTO PERSONNE VALUES(4,'jean','Valjean')
COMMIT
INSERT INTO ADRESSE VALUES(1,'rue de la forge','Vraincourt',NULL)
INSERT INTO ADRESSE VALUES(2,'rue des eglantines','St Dizier',NULL)
COMMIT
